#
# A fatal error has been detected by the Java Runtime Environment:
#
#  Internal Error (oopMapCache.cpp:111), pid=49311, tid=26883
#  Error: ShouldNotReachHere()
#
# JRE version: Java(TM) SE Runtime Environment (15.0.1+9) (build 15.0.1+9-18)
# Java VM: Java HotSpot(TM) 64-Bit Server VM (15.0.1+9-18, mixed mode, sharing, tiered, compressed oops, g1 gc, bsd-amd64)
# No core dump will be written. Core dumps have been disabled. To enable core dumping, try "ulimit -c unlimited" before starting Java again
#
# If you would like to submit a bug report, please visit:
#   https://bugreport.java.com/bugreport/crash.jsp
#

---------------  S U M M A R Y ------------

Command Line: -XX:+ShowCodeDetailsInExceptionMessages -agentlib:jdwp=transport=dt_socket,suspend=y,address=localhost:52584 -enableassertions -javaagent:/Users/apple/Documents/CSE 2221/install folder/Eclipse/Eclipse.app/Contents/Eclipse/configuration/org.eclipse.osgi/213/0/.cp/lib/javaagent-shaded.jar -Dfile.encoding=UTF-8 CryptoUtilities

Host: MacBookPro15,4 x86_64 1400 MHz, 8 cores, 8G, Darwin 18.7.0
Time: Sat Mar 27 13:24:25 2021 CST elapsed time: 299.217397 seconds (0d 0h 4m 59s)

---------------  T H R E A D  ---------------

Current thread (0x00007fb69405ee00):  JavaThread "JDWP Transport Listener: dt_socket" daemon [_thread_in_vm, id=26883, stack(0x000070000d885000,0x000070000d985000)] _threads_hazard_ptr=0x00007fb695a09540

Stack: [0x000070000d885000,0x000070000d985000],  sp=0x000070000d983090,  free space=1016k
Native frames: (J=compiled Java code, A=aot compiled Java code, j=interpreted, Vv=VM code, C=native code)
V  [libjvm.dylib+0x9fd4bf]  _ZN7VMError14report_and_dieEiPKcS1_P13__va_list_tagP6ThreadPhPvS7_S1_im+0x6af
V  [libjvm.dylib+0x9fdb91]  _ZN7VMError14report_and_dieEP6ThreadPvPKciS4_S4_P13__va_list_tag+0x41
V  [libjvm.dylib+0x2fedea]  _Z15report_vm_errorPKciS0_S0_z+0xaa
V  [libjvm.dylib+0x81b108]  _ZN19OopMapForCacheEntry11compute_mapEP6Thread+0x88
V  [libjvm.dylib+0x81beef]  _ZN16OopMapCacheEntry4fillERK12methodHandlei+0xef
V  [libjvm.dylib+0x81d1cb]  _ZN11OopMapCache19compute_one_oop_mapERK12methodHandleiP17InterpreterOopMap+0x6b
V  [libjvm.dylib+0x7ccb08]  _ZN6Method8mask_forEiP17InterpreterOopMap+0x128
V  [libjvm.dylib+0x9ef4ad]  _ZNK17interpretedVFrame10stack_dataEb+0x4d
V  [libjvm.dylib+0x6828eb]  _ZN16VM_GetOrSetLocal13doit_prologueEv+0x12b
V  [libjvm.dylib+0xa086ad]  _ZN8VMThread7executeEP12VM_Operation+0x12d
V  [libjvm.dylib+0x6662c3]  _ZN8JvmtiEnv14GetLocalObjectEP10JavaThreadiiPP8_jobject+0x53
V  [libjvm.dylib+0x61fe3d]  _ZL20jvmti_GetLocalObjectP9_jvmtiEnvP8_jobjectiiPS2_+0x14d
C  [libjdwp.dylib+0x7ae0]  getValues+0x1b0
C  [libjdwp.dylib+0x10fd9]  debugLoop_run+0x219
C  [libjdwp.dylib+0x257e6]  attachThread+0x76
V  [libjvm.dylib+0x680836]  _ZN16JvmtiAgentThread19call_start_functionEv+0x86
V  [libjvm.dylib+0x99851f]  _ZN10JavaThread17thread_main_innerEv+0xaf
V  [libjvm.dylib+0x995711]  _ZN6Thread8call_runEv+0x71
V  [libjvm.dylib+0x827c47]  _ZL19thread_native_entryP6Thread+0x197
C  [libsystem_pthread.dylib+0x32eb]  _pthread_body+0x7e
C  [libsystem_pthread.dylib+0x6249]  _pthread_start+0x42
C  [libsystem_pthread.dylib+0x240d]  thread_start+0xd


---------------  P R O C E S S  ---------------

Threads class SMR info:
_java_thread_list=0x00007fb695a09540, length=13, elements={
0x00007fb695002200, 0x00007fb696800000, 0x00007fb697002200, 0x00007fb697800600,
0x00007fb696800600, 0x00007fb697002800, 0x00007fb696802000, 0x00007fb696803c00,
0x00007fb695052e00, 0x00007fb69405ee00, 0x00007fb69407f400, 0x00007fb696061800,
0x00007fb696805c00
}

Java Threads: ( => current thread )
  0x00007fb695002200 JavaThread "main" [_thread_blocked, id=7171, stack(0x000070000c958000,0x000070000ca58000)]
  0x00007fb696800000 JavaThread "Reference Handler" daemon [_thread_blocked, id=16643, stack(0x000070000d06d000,0x000070000d16d000)]
  0x00007fb697002200 JavaThread "Finalizer" daemon [_thread_blocked, id=17667, stack(0x000070000d170000,0x000070000d270000)]
  0x00007fb697800600 JavaThread "Signal Dispatcher" daemon [_thread_blocked, id=42755, stack(0x000070000d273000,0x000070000d373000)]
  0x00007fb696800600 JavaThread "Service Thread" daemon [_thread_blocked, id=41987, stack(0x000070000d376000,0x000070000d476000)]
  0x00007fb697002800 JavaThread "C2 CompilerThread0" daemon [_thread_blocked, id=41475, stack(0x000070000d479000,0x000070000d579000)]
  0x00007fb696802000 JavaThread "C1 CompilerThread0" daemon [_thread_blocked, id=40963, stack(0x000070000d57c000,0x000070000d67c000)]
  0x00007fb696803c00 JavaThread "Sweeper thread" daemon [_thread_blocked, id=24835, stack(0x000070000d67f000,0x000070000d77f000)]
  0x00007fb695052e00 JavaThread "Common-Cleaner" daemon [_thread_blocked, id=25859, stack(0x000070000d782000,0x000070000d882000)]
=>0x00007fb69405ee00 JavaThread "JDWP Transport Listener: dt_socket" daemon [_thread_in_vm, id=26883, stack(0x000070000d885000,0x000070000d985000)] _threads_hazard_ptr=0x00007fb695a09540
  0x00007fb69407f400 JavaThread "JDWP Event Helper Thread" daemon [_thread_blocked, id=27395, stack(0x000070000d988000,0x000070000da88000)]
  0x00007fb696061800 JavaThread "JDWP Command Reader" daemon [_thread_in_native, id=27651, stack(0x000070000da8b000,0x000070000db8b000)]
  0x00007fb696805c00 JavaThread "Notification Thread" daemon [_thread_blocked, id=28163, stack(0x000070000db8e000,0x000070000dc8e000)]

Other Threads:
  0x00007fb6958022d0 VMThread "VM Thread" [stack: 0x000070000cf6a000,0x000070000d06a000] [id=18947]
  0x00007fb695b29670 WatcherThread [stack: 0x000070000dc91000,0x000070000dd91000] [id=28419]
  0x00007fb693c1a3d0 GCTaskThread "GC Thread#0" [stack: 0x000070000ca5b000,0x000070000cb5b000] [id=14083]
  0x00007fb693c1b5a0 ConcurrentGCThread "G1 Main Marker" [stack: 0x000070000cb5e000,0x000070000cc5e000] [id=14595]
  0x00007fb693c1c750 ConcurrentGCThread "G1 Conc#0" [stack: 0x000070000cc61000,0x000070000cd61000] [id=15107]
  0x00007fb693e1be40 ConcurrentGCThread "G1 Refine#0" [stack: 0x000070000cd64000,0x000070000ce64000] [id=19203]
  0x00007fb693c1d7c0 ConcurrentGCThread "G1 Young RemSet Sampling" [stack: 0x000070000ce67000,0x000070000cf67000] [id=15619]

Threads with active compile tasks:

VM state: not at safepoint (normal execution)

VM Mutex/Monitor currently owned by a thread: None

Heap address: 0x0000000780000000, size: 2048 MB, Compressed Oops mode: Zero based, Oop shift amount: 3
CDS archive(s) mapped at: [0x0000000800000000-0x0000000800b2c000-0x0000000800b2c000), size 11714560, SharedBaseAddress: 0x0000000800000000, ArchiveRelocationMode: 0.
Compressed class space mapped at: 0x0000000800b2c000-0x0000000840b2c000, size: 1073741824
Narrow klass base: 0x0000000800000000, Narrow klass shift: 3, Narrow klass range: 0x100000000

GC Precious Log:
 CPUs: 8 total, 8 available
 Memory: 8192M
 Large Page Support: Disabled
 NUMA Support: Disabled
 Compressed Oops: Enabled (Zero based)
 Heap Region Size: 1M
 Heap Min Capacity: 8M
 Heap Initial Capacity: 128M
 Heap Max Capacity: 2G
 Pre-touch: Disabled
 Parallel Workers: 8
 Concurrent Workers: 2
 Concurrent Refinement Workers: 8
 Periodic GC: Disabled

Heap:
 garbage-first heap   total 133120K, used 5928K [0x0000000780000000, 0x0000000800000000)
  region size 1024K, 6 young (6144K), 0 survivors (0K)
 Metaspace       used 3000K, capacity 4934K, committed 5120K, reserved 1056768K
  class space    used 282K, capacity 429K, committed 512K, reserved 1048576K

Heap Regions: E=young(eden), S=young(survivor), O=old, HS=humongous(starts), HC=humongous(continues), CS=collection set, F=free, OA=open archive, CA=closed archive, TAMS=top-at-mark-start (previous, next)
|   0|0x0000000780000000, 0x0000000780000000, 0x0000000780100000|  0%| F|  |TAMS 0x0000000780000000, 0x0000000780000000| Untracked 
|   1|0x0000000780100000, 0x0000000780100000, 0x0000000780200000|  0%| F|  |TAMS 0x0000000780100000, 0x0000000780100000| Untracked 
|   2|0x0000000780200000, 0x0000000780200000, 0x0000000780300000|  0%| F|  |TAMS 0x0000000780200000, 0x0000000780200000| Untracked 
|   3|0x0000000780300000, 0x0000000780300000, 0x0000000780400000|  0%| F|  |TAMS 0x0000000780300000, 0x0000000780300000| Untracked 
|   4|0x0000000780400000, 0x0000000780400000, 0x0000000780500000|  0%| F|  |TAMS 0x0000000780400000, 0x0000000780400000| Untracked 
|   5|0x0000000780500000, 0x0000000780500000, 0x0000000780600000|  0%| F|  |TAMS 0x0000000780500000, 0x0000000780500000| Untracked 
|   6|0x0000000780600000, 0x0000000780600000, 0x0000000780700000|  0%| F|  |TAMS 0x0000000780600000, 0x0000000780600000| Untracked 
|   7|0x0000000780700000, 0x0000000780700000, 0x0000000780800000|  0%| F|  |TAMS 0x0000000780700000, 0x0000000780700000| Untracked 
|   8|0x0000000780800000, 0x0000000780800000, 0x0000000780900000|  0%| F|  |TAMS 0x0000000780800000, 0x0000000780800000| Untracked 
|   9|0x0000000780900000, 0x0000000780900000, 0x0000000780a00000|  0%| F|  |TAMS 0x0000000780900000, 0x0000000780900000| Untracked 
|  10|0x0000000780a00000, 0x0000000780a00000, 0x0000000780b00000|  0%| F|  |TAMS 0x0000000780a00000, 0x0000000780a00000| Untracked 
|  11|0x0000000780b00000, 0x0000000780b00000, 0x0000000780c00000|  0%| F|  |TAMS 0x0000000780b00000, 0x0000000780b00000| Untracked 
|  12|0x0000000780c00000, 0x0000000780c00000, 0x0000000780d00000|  0%| F|  |TAMS 0x0000000780c00000, 0x0000000780c00000| Untracked 
|  13|0x0000000780d00000, 0x0000000780d00000, 0x0000000780e00000|  0%| F|  |TAMS 0x0000000780d00000, 0x0000000780d00000| Untracked 
|  14|0x0000000780e00000, 0x0000000780e00000, 0x0000000780f00000|  0%| F|  |TAMS 0x0000000780e00000, 0x0000000780e00000| Untracked 
|  15|0x0000000780f00000, 0x0000000780f00000, 0x0000000781000000|  0%| F|  |TAMS 0x0000000780f00000, 0x0000000780f00000| Untracked 
|  16|0x0000000781000000, 0x0000000781000000, 0x0000000781100000|  0%| F|  |TAMS 0x0000000781000000, 0x0000000781000000| Untracked 
|  17|0x0000000781100000, 0x0000000781100000, 0x0000000781200000|  0%| F|  |TAMS 0x0000000781100000, 0x0000000781100000| Untracked 
|  18|0x0000000781200000, 0x0000000781200000, 0x0000000781300000|  0%| F|  |TAMS 0x0000000781200000, 0x0000000781200000| Untracked 
|  19|0x0000000781300000, 0x0000000781300000, 0x0000000781400000|  0%| F|  |TAMS 0x0000000781300000, 0x0000000781300000| Untracked 
|  20|0x0000000781400000, 0x0000000781400000, 0x0000000781500000|  0%| F|  |TAMS 0x0000000781400000, 0x0000000781400000| Untracked 
|  21|0x0000000781500000, 0x0000000781500000, 0x0000000781600000|  0%| F|  |TAMS 0x0000000781500000, 0x0000000781500000| Untracked 
|  22|0x0000000781600000, 0x0000000781600000, 0x0000000781700000|  0%| F|  |TAMS 0x0000000781600000, 0x0000000781600000| Untracked 
|  23|0x0000000781700000, 0x0000000781700000, 0x0000000781800000|  0%| F|  |TAMS 0x0000000781700000, 0x0000000781700000| Untracked 
|  24|0x0000000781800000, 0x0000000781800000, 0x0000000781900000|  0%| F|  |TAMS 0x0000000781800000, 0x0000000781800000| Untracked 
|  25|0x0000000781900000, 0x0000000781900000, 0x0000000781a00000|  0%| F|  |TAMS 0x0000000781900000, 0x0000000781900000| Untracked 
|  26|0x0000000781a00000, 0x0000000781a00000, 0x0000000781b00000|  0%| F|  |TAMS 0x0000000781a00000, 0x0000000781a00000| Untracked 
|  27|0x0000000781b00000, 0x0000000781b00000, 0x0000000781c00000|  0%| F|  |TAMS 0x0000000781b00000, 0x0000000781b00000| Untracked 
|  28|0x0000000781c00000, 0x0000000781c00000, 0x0000000781d00000|  0%| F|  |TAMS 0x0000000781c00000, 0x0000000781c00000| Untracked 
|  29|0x0000000781d00000, 0x0000000781d00000, 0x0000000781e00000|  0%| F|  |TAMS 0x0000000781d00000, 0x0000000781d00000| Untracked 
|  30|0x0000000781e00000, 0x0000000781e00000, 0x0000000781f00000|  0%| F|  |TAMS 0x0000000781e00000, 0x0000000781e00000| Untracked 
|  31|0x0000000781f00000, 0x0000000781f00000, 0x0000000782000000|  0%| F|  |TAMS 0x0000000781f00000, 0x0000000781f00000| Untracked 
|  32|0x0000000782000000, 0x0000000782000000, 0x0000000782100000|  0%| F|  |TAMS 0x0000000782000000, 0x0000000782000000| Untracked 
|  33|0x0000000782100000, 0x0000000782100000, 0x0000000782200000|  0%| F|  |TAMS 0x0000000782100000, 0x0000000782100000| Untracked 
|  34|0x0000000782200000, 0x0000000782200000, 0x0000000782300000|  0%| F|  |TAMS 0x0000000782200000, 0x0000000782200000| Untracked 
|  35|0x0000000782300000, 0x0000000782300000, 0x0000000782400000|  0%| F|  |TAMS 0x0000000782300000, 0x0000000782300000| Untracked 
|  36|0x0000000782400000, 0x0000000782400000, 0x0000000782500000|  0%| F|  |TAMS 0x0000000782400000, 0x0000000782400000| Untracked 
|  37|0x0000000782500000, 0x0000000782500000, 0x0000000782600000|  0%| F|  |TAMS 0x0000000782500000, 0x0000000782500000| Untracked 
|  38|0x0000000782600000, 0x0000000782600000, 0x0000000782700000|  0%| F|  |TAMS 0x0000000782600000, 0x0000000782600000| Untracked 
|  39|0x0000000782700000, 0x0000000782700000, 0x0000000782800000|  0%| F|  |TAMS 0x0000000782700000, 0x0000000782700000| Untracked 
|  40|0x0000000782800000, 0x0000000782800000, 0x0000000782900000|  0%| F|  |TAMS 0x0000000782800000, 0x0000000782800000| Untracked 
|  41|0x0000000782900000, 0x0000000782900000, 0x0000000782a00000|  0%| F|  |TAMS 0x0000000782900000, 0x0000000782900000| Untracked 
|  42|0x0000000782a00000, 0x0000000782a00000, 0x0000000782b00000|  0%| F|  |TAMS 0x0000000782a00000, 0x0000000782a00000| Untracked 
|  43|0x0000000782b00000, 0x0000000782b00000, 0x0000000782c00000|  0%| F|  |TAMS 0x0000000782b00000, 0x0000000782b00000| Untracked 
|  44|0x0000000782c00000, 0x0000000782c00000, 0x0000000782d00000|  0%| F|  |TAMS 0x0000000782c00000, 0x0000000782c00000| Untracked 
|  45|0x0000000782d00000, 0x0000000782d00000, 0x0000000782e00000|  0%| F|  |TAMS 0x0000000782d00000, 0x0000000782d00000| Untracked 
|  46|0x0000000782e00000, 0x0000000782e00000, 0x0000000782f00000|  0%| F|  |TAMS 0x0000000782e00000, 0x0000000782e00000| Untracked 
|  47|0x0000000782f00000, 0x0000000782f00000, 0x0000000783000000|  0%| F|  |TAMS 0x0000000782f00000, 0x0000000782f00000| Untracked 
|  48|0x0000000783000000, 0x0000000783000000, 0x0000000783100000|  0%| F|  |TAMS 0x0000000783000000, 0x0000000783000000| Untracked 
|  49|0x0000000783100000, 0x0000000783100000, 0x0000000783200000|  0%| F|  |TAMS 0x0000000783100000, 0x0000000783100000| Untracked 
|  50|0x0000000783200000, 0x0000000783200000, 0x0000000783300000|  0%| F|  |TAMS 0x0000000783200000, 0x0000000783200000| Untracked 
|  51|0x0000000783300000, 0x0000000783300000, 0x0000000783400000|  0%| F|  |TAMS 0x0000000783300000, 0x0000000783300000| Untracked 
|  52|0x0000000783400000, 0x0000000783400000, 0x0000000783500000|  0%| F|  |TAMS 0x0000000783400000, 0x0000000783400000| Untracked 
|  53|0x0000000783500000, 0x0000000783500000, 0x0000000783600000|  0%| F|  |TAMS 0x0000000783500000, 0x0000000783500000| Untracked 
|  54|0x0000000783600000, 0x0000000783600000, 0x0000000783700000|  0%| F|  |TAMS 0x0000000783600000, 0x0000000783600000| Untracked 
|  55|0x0000000783700000, 0x0000000783700000, 0x0000000783800000|  0%| F|  |TAMS 0x0000000783700000, 0x0000000783700000| Untracked 
|  56|0x0000000783800000, 0x0000000783800000, 0x0000000783900000|  0%| F|  |TAMS 0x0000000783800000, 0x0000000783800000| Untracked 
|  57|0x0000000783900000, 0x0000000783900000, 0x0000000783a00000|  0%| F|  |TAMS 0x0000000783900000, 0x0000000783900000| Untracked 
|  58|0x0000000783a00000, 0x0000000783a00000, 0x0000000783b00000|  0%| F|  |TAMS 0x0000000783a00000, 0x0000000783a00000| Untracked 
|  59|0x0000000783b00000, 0x0000000783b00000, 0x0000000783c00000|  0%| F|  |TAMS 0x0000000783b00000, 0x0000000783b00000| Untracked 
|  60|0x0000000783c00000, 0x0000000783c00000, 0x0000000783d00000|  0%| F|  |TAMS 0x0000000783c00000, 0x0000000783c00000| Untracked 
|  61|0x0000000783d00000, 0x0000000783d00000, 0x0000000783e00000|  0%| F|  |TAMS 0x0000000783d00000, 0x0000000783d00000| Untracked 
|  62|0x0000000783e00000, 0x0000000783e00000, 0x0000000783f00000|  0%| F|  |TAMS 0x0000000783e00000, 0x0000000783e00000| Untracked 
|  63|0x0000000783f00000, 0x0000000783f00000, 0x0000000784000000|  0%| F|  |TAMS 0x0000000783f00000, 0x0000000783f00000| Untracked 
|  64|0x0000000784000000, 0x0000000784000000, 0x0000000784100000|  0%| F|  |TAMS 0x0000000784000000, 0x0000000784000000| Untracked 
|  65|0x0000000784100000, 0x0000000784100000, 0x0000000784200000|  0%| F|  |TAMS 0x0000000784100000, 0x0000000784100000| Untracked 
|  66|0x0000000784200000, 0x0000000784200000, 0x0000000784300000|  0%| F|  |TAMS 0x0000000784200000, 0x0000000784200000| Untracked 
|  67|0x0000000784300000, 0x0000000784300000, 0x0000000784400000|  0%| F|  |TAMS 0x0000000784300000, 0x0000000784300000| Untracked 
|  68|0x0000000784400000, 0x0000000784400000, 0x0000000784500000|  0%| F|  |TAMS 0x0000000784400000, 0x0000000784400000| Untracked 
|  69|0x0000000784500000, 0x0000000784500000, 0x0000000784600000|  0%| F|  |TAMS 0x0000000784500000, 0x0000000784500000| Untracked 
|  70|0x0000000784600000, 0x0000000784600000, 0x0000000784700000|  0%| F|  |TAMS 0x0000000784600000, 0x0000000784600000| Untracked 
|  71|0x0000000784700000, 0x0000000784700000, 0x0000000784800000|  0%| F|  |TAMS 0x0000000784700000, 0x0000000784700000| Untracked 
|  72|0x0000000784800000, 0x0000000784800000, 0x0000000784900000|  0%| F|  |TAMS 0x0000000784800000, 0x0000000784800000| Untracked 
|  73|0x0000000784900000, 0x0000000784900000, 0x0000000784a00000|  0%| F|  |TAMS 0x0000000784900000, 0x0000000784900000| Untracked 
|  74|0x0000000784a00000, 0x0000000784a00000, 0x0000000784b00000|  0%| F|  |TAMS 0x0000000784a00000, 0x0000000784a00000| Untracked 
|  75|0x0000000784b00000, 0x0000000784b00000, 0x0000000784c00000|  0%| F|  |TAMS 0x0000000784b00000, 0x0000000784b00000| Untracked 
|  76|0x0000000784c00000, 0x0000000784c00000, 0x0000000784d00000|  0%| F|  |TAMS 0x0000000784c00000, 0x0000000784c00000| Untracked 
|  77|0x0000000784d00000, 0x0000000784d00000, 0x0000000784e00000|  0%| F|  |TAMS 0x0000000784d00000, 0x0000000784d00000| Untracked 
|  78|0x0000000784e00000, 0x0000000784e00000, 0x0000000784f00000|  0%| F|  |TAMS 0x0000000784e00000, 0x0000000784e00000| Untracked 
|  79|0x0000000784f00000, 0x0000000784f00000, 0x0000000785000000|  0%| F|  |TAMS 0x0000000784f00000, 0x0000000784f00000| Untracked 
|  80|0x0000000785000000, 0x0000000785000000, 0x0000000785100000|  0%| F|  |TAMS 0x0000000785000000, 0x0000000785000000| Untracked 
|  81|0x0000000785100000, 0x0000000785100000, 0x0000000785200000|  0%| F|  |TAMS 0x0000000785100000, 0x0000000785100000| Untracked 
|  82|0x0000000785200000, 0x0000000785200000, 0x0000000785300000|  0%| F|  |TAMS 0x0000000785200000, 0x0000000785200000| Untracked 
|  83|0x0000000785300000, 0x0000000785300000, 0x0000000785400000|  0%| F|  |TAMS 0x0000000785300000, 0x0000000785300000| Untracked 
|  84|0x0000000785400000, 0x0000000785400000, 0x0000000785500000|  0%| F|  |TAMS 0x0000000785400000, 0x0000000785400000| Untracked 
|  85|0x0000000785500000, 0x0000000785500000, 0x0000000785600000|  0%| F|  |TAMS 0x0000000785500000, 0x0000000785500000| Untracked 
|  86|0x0000000785600000, 0x0000000785600000, 0x0000000785700000|  0%| F|  |TAMS 0x0000000785600000, 0x0000000785600000| Untracked 
|  87|0x0000000785700000, 0x0000000785700000, 0x0000000785800000|  0%| F|  |TAMS 0x0000000785700000, 0x0000000785700000| Untracked 
|  88|0x0000000785800000, 0x0000000785800000, 0x0000000785900000|  0%| F|  |TAMS 0x0000000785800000, 0x0000000785800000| Untracked 
|  89|0x0000000785900000, 0x0000000785900000, 0x0000000785a00000|  0%| F|  |TAMS 0x0000000785900000, 0x0000000785900000| Untracked 
|  90|0x0000000785a00000, 0x0000000785a00000, 0x0000000785b00000|  0%| F|  |TAMS 0x0000000785a00000, 0x0000000785a00000| Untracked 
|  91|0x0000000785b00000, 0x0000000785b00000, 0x0000000785c00000|  0%| F|  |TAMS 0x0000000785b00000, 0x0000000785b00000| Untracked 
|  92|0x0000000785c00000, 0x0000000785c00000, 0x0000000785d00000|  0%| F|  |TAMS 0x0000000785c00000, 0x0000000785c00000| Untracked 
|  93|0x0000000785d00000, 0x0000000785d00000, 0x0000000785e00000|  0%| F|  |TAMS 0x0000000785d00000, 0x0000000785d00000| Untracked 
|  94|0x0000000785e00000, 0x0000000785e00000, 0x0000000785f00000|  0%| F|  |TAMS 0x0000000785e00000, 0x0000000785e00000| Untracked 
|  95|0x0000000785f00000, 0x0000000785f00000, 0x0000000786000000|  0%| F|  |TAMS 0x0000000785f00000, 0x0000000785f00000| Untracked 
|  96|0x0000000786000000, 0x0000000786000000, 0x0000000786100000|  0%| F|  |TAMS 0x0000000786000000, 0x0000000786000000| Untracked 
|  97|0x0000000786100000, 0x0000000786100000, 0x0000000786200000|  0%| F|  |TAMS 0x0000000786100000, 0x0000000786100000| Untracked 
|  98|0x0000000786200000, 0x0000000786200000, 0x0000000786300000|  0%| F|  |TAMS 0x0000000786200000, 0x0000000786200000| Untracked 
|  99|0x0000000786300000, 0x0000000786300000, 0x0000000786400000|  0%| F|  |TAMS 0x0000000786300000, 0x0000000786300000| Untracked 
| 100|0x0000000786400000, 0x0000000786400000, 0x0000000786500000|  0%| F|  |TAMS 0x0000000786400000, 0x0000000786400000| Untracked 
| 101|0x0000000786500000, 0x0000000786500000, 0x0000000786600000|  0%| F|  |TAMS 0x0000000786500000, 0x0000000786500000| Untracked 
| 102|0x0000000786600000, 0x0000000786600000, 0x0000000786700000|  0%| F|  |TAMS 0x0000000786600000, 0x0000000786600000| Untracked 
| 103|0x0000000786700000, 0x0000000786700000, 0x0000000786800000|  0%| F|  |TAMS 0x0000000786700000, 0x0000000786700000| Untracked 
| 104|0x0000000786800000, 0x0000000786800000, 0x0000000786900000|  0%| F|  |TAMS 0x0000000786800000, 0x0000000786800000| Untracked 
| 105|0x0000000786900000, 0x0000000786900000, 0x0000000786a00000|  0%| F|  |TAMS 0x0000000786900000, 0x0000000786900000| Untracked 
| 106|0x0000000786a00000, 0x0000000786a00000, 0x0000000786b00000|  0%| F|  |TAMS 0x0000000786a00000, 0x0000000786a00000| Untracked 
| 107|0x0000000786b00000, 0x0000000786b00000, 0x0000000786c00000|  0%| F|  |TAMS 0x0000000786b00000, 0x0000000786b00000| Untracked 
| 108|0x0000000786c00000, 0x0000000786c00000, 0x0000000786d00000|  0%| F|  |TAMS 0x0000000786c00000, 0x0000000786c00000| Untracked 
| 109|0x0000000786d00000, 0x0000000786d00000, 0x0000000786e00000|  0%| F|  |TAMS 0x0000000786d00000, 0x0000000786d00000| Untracked 
| 110|0x0000000786e00000, 0x0000000786e00000, 0x0000000786f00000|  0%| F|  |TAMS 0x0000000786e00000, 0x0000000786e00000| Untracked 
| 111|0x0000000786f00000, 0x0000000786f00000, 0x0000000787000000|  0%| F|  |TAMS 0x0000000786f00000, 0x0000000786f00000| Untracked 
| 112|0x0000000787000000, 0x0000000787000000, 0x0000000787100000|  0%| F|  |TAMS 0x0000000787000000, 0x0000000787000000| Untracked 
| 113|0x0000000787100000, 0x0000000787100000, 0x0000000787200000|  0%| F|  |TAMS 0x0000000787100000, 0x0000000787100000| Untracked 
| 114|0x0000000787200000, 0x0000000787200000, 0x0000000787300000|  0%| F|  |TAMS 0x0000000787200000, 0x0000000787200000| Untracked 
| 115|0x0000000787300000, 0x0000000787300000, 0x0000000787400000|  0%| F|  |TAMS 0x0000000787300000, 0x0000000787300000| Untracked 
| 116|0x0000000787400000, 0x0000000787400000, 0x0000000787500000|  0%| F|  |TAMS 0x0000000787400000, 0x0000000787400000| Untracked 
| 117|0x0000000787500000, 0x0000000787500000, 0x0000000787600000|  0%| F|  |TAMS 0x0000000787500000, 0x0000000787500000| Untracked 
| 118|0x0000000787600000, 0x0000000787600000, 0x0000000787700000|  0%| F|  |TAMS 0x0000000787600000, 0x0000000787600000| Untracked 
| 119|0x0000000787700000, 0x0000000787700000, 0x0000000787800000|  0%| F|  |TAMS 0x0000000787700000, 0x0000000787700000| Untracked 
| 120|0x0000000787800000, 0x0000000787800000, 0x0000000787900000|  0%| F|  |TAMS 0x0000000787800000, 0x0000000787800000| Untracked 
| 121|0x0000000787900000, 0x0000000787900000, 0x0000000787a00000|  0%| F|  |TAMS 0x0000000787900000, 0x0000000787900000| Untracked 
| 122|0x0000000787a00000, 0x0000000787aec198, 0x0000000787b00000| 92%| E|  |TAMS 0x0000000787a00000, 0x0000000787a00000| Complete 
| 123|0x0000000787b00000, 0x0000000787c00000, 0x0000000787c00000|100%| E|CS|TAMS 0x0000000787b00000, 0x0000000787b00000| Complete 
| 124|0x0000000787c00000, 0x0000000787d00000, 0x0000000787d00000|100%| E|CS|TAMS 0x0000000787c00000, 0x0000000787c00000| Complete 
| 125|0x0000000787d00000, 0x0000000787e00000, 0x0000000787e00000|100%| E|CS|TAMS 0x0000000787d00000, 0x0000000787d00000| Complete 
| 126|0x0000000787e00000, 0x0000000787f00000, 0x0000000787f00000|100%| E|CS|TAMS 0x0000000787e00000, 0x0000000787e00000| Complete 
| 127|0x0000000787f00000, 0x0000000788000000, 0x0000000788000000|100%| E|CS|TAMS 0x0000000787f00000, 0x0000000787f00000| Complete 
|1022|0x00000007bfe00000, 0x00000007bfe51000, 0x00000007bff00000| 31%|OA|  |TAMS 0x00000007bfe00000, 0x00000007bfe00000| Untracked 
|1023|0x00000007bff00000, 0x00000007bff79000, 0x00000007c0000000| 47%|CA|  |TAMS 0x00000007bff00000, 0x00000007bff00000| Untracked 

Card table byte_map: [0x000000010d695000,0x000000010da95000] _byte_map_base: 0x0000000109a95000

Marking Bits (Prev, Next): (CMBitMap*) 0x00007fb696000010, (CMBitMap*) 0x00007fb696000050
 Prev Bits: [0x000000010de95000, 0x000000010fe95000)
 Next Bits: [0x0000000127936000, 0x0000000129936000)

Polling page: 0x000000010a7ea000

Metaspace:

Usage:
  Non-class:      4.40 MB capacity,     2.65 MB ( 60%) used,     1.74 MB ( 40%) free+waste,     1.25 KB ( <1%) overhead. 
      Class:    429.00 KB capacity,   282.36 KB ( 66%) used,   145.95 KB ( 34%) free+waste,   704 bytes ( <1%) overhead. 
       Both:      4.82 MB capacity,     2.93 MB ( 61%) used,     1.89 MB ( 39%) free+waste,     1.94 KB ( <1%) overhead. 

Virtual space:
  Non-class space:        8.00 MB reserved,       4.50 MB ( 56%) committed 
      Class space:        1.00 GB reserved,     512.00 KB ( <1%) committed 
             Both:        1.01 GB reserved,       5.00 MB ( <1%) committed 

Chunk freelists:
   Non-Class:  7.00 KB
       Class:  3.00 KB
        Both:  10.00 KB

MaxMetaspaceSize: 17179869184.00 GB
CompressedClassSpaceSize: 1.00 GB

CodeHeap 'non-profiled nmethods': size=120028Kb used=140Kb max_used=140Kb free=119887Kb
 bounds [0x00000001203ff000, 0x000000012066f000, 0x0000000127936000]
CodeHeap 'profiled nmethods': size=120028Kb used=568Kb max_used=568Kb free=119460Kb
 bounds [0x0000000118ec8000, 0x0000000119138000, 0x00000001203ff000]
CodeHeap 'non-nmethods': size=5704Kb used=1200Kb max_used=1219Kb free=4503Kb
 bounds [0x0000000118936000, 0x0000000118ba6000, 0x0000000118ec8000]
 total_blobs=837 nmethods=455 adapters=296
 compilation: enabled
              stopped_count=0, restarted_count=0
 full_count=0

Compilation events (20 events):
Event: 0.249 Thread 0x00007fb697002800  449       4       java.lang.StringUTF16::compress (50 bytes)
Event: 0.253 Thread 0x00007fb697002800 nmethod 449 0x0000000120421590 code [0x0000000120421700, 0x0000000120421b98]
Event: 77.164 Thread 0x00007fb696802000  450       3       org.eclipse.jdt.launching.internal.org.objectweb.asm.SymbolTable::addConstantNameAndType (28 bytes)
Event: 77.165 Thread 0x00007fb696802000 nmethod 450 0x0000000118f54010 code [0x0000000118f541e0, 0x0000000118f54510]
Event: 77.165 Thread 0x00007fb696802000  451       3       org.eclipse.jdt.launching.internal.org.objectweb.asm.SymbolTable::hash (15 bytes)
Event: 77.165 Thread 0x00007fb696802000 nmethod 451 0x0000000118f54710 code [0x0000000118f548c0, 0x0000000118f54a30]
Event: 77.165 Thread 0x00007fb696802000  452       3       org.eclipse.jdt.launching.internal.org.objectweb.asm.SymbolTable::addConstantUtf8Reference (20 bytes)
Event: 77.166 Thread 0x00007fb696802000 nmethod 452 0x0000000118f54b90 code [0x0000000118f54d60, 0x0000000118f55020]
Event: 225.915 Thread 0x00007fb696802000  453       3       org.eclipse.jdt.launching.internal.org.objectweb.asm.ClassReader::readInt (52 bytes)
Event: 225.916 Thread 0x00007fb697002800  454       4       org.eclipse.jdt.launching.internal.org.objectweb.asm.ClassReader::readUtf (161 bytes)
Event: 225.916 Thread 0x00007fb696802000 nmethod 453 0x0000000118f55210 code [0x0000000118f553a0, 0x0000000118f55570]
Event: 225.916 Thread 0x00007fb696802000  455       3       org.eclipse.jdt.launching.internal.org.objectweb.asm.ByteVector::putByteArray (49 bytes)
Event: 225.916 Thread 0x00007fb696802000 nmethod 455 0x0000000118f55690 code [0x0000000118f55840, 0x0000000118f55af0]
Event: 225.930 Thread 0x00007fb697002800 

Event: 293.937 Thread 0x00007fb697002800  456       4       org.eclipse.jdt.launching.internal.org.objectweb.asm.ClassReader::readUtf (161 bytes)
Event: 293.937 Thread 0x00007fb696802000  458       3       org.eclipse.jdt.launching.internal.org.objectweb.asm.SymbolTable$Entry::<init> (20 bytes)
Event: 293.938 Thread 0x00007fb696802000 nmethod 458 0x0000000118f55c10 code [0x0000000118f55da0, 0x0000000118f55f20]
Event: 293.962 Thread 0x00007fb697002800 

Event: 293.963 Thread 0x00007fb697002800  457       4       java.lang.StringLatin1::hashCode (42 bytes)
Event: 293.966 Thread 0x00007fb697002800 nmethod 457 0x0000000120421d10 code [0x0000000120421e80, 0x0000000120422018]

GC Heap History (0 events):
No events

Deoptimization events (14 events):
Event: 0.146 Thread 0x00007fb695002200 Uncommon trap: trap_request=0xffffff45 fr.pc=0x000000012040bf34 relative=0x0000000000000bd4
Event: 0.146 Thread 0x00007fb695002200 Uncommon trap: reason=unstable_if action=reinterpret pc=0x000000012040bf34 method=java.util.HashMap.putVal(ILjava/lang/Object;Ljava/lang/Object;ZZ)Ljava/lang/Object; @ 181 c2
Event: 0.146 Thread 0x00007fb695002200 DEOPT PACKING pc=0x000000012040bf34 sp=0x000070000ca568f0
Event: 0.146 Thread 0x00007fb695002200 DEOPT UNPACKING pc=0x0000000118984125 sp=0x000070000ca568a0 mode 2
Event: 0.233 Thread 0x00007fb695002200 DEOPT PACKING pc=0x0000000118f355b6 sp=0x000070000ca52f00
Event: 0.233 Thread 0x00007fb695002200 DEOPT UNPACKING pc=0x0000000118983f2b sp=0x000070000ca523e8 mode 0
Event: 0.233 Thread 0x00007fb695002200 DEOPT PACKING pc=0x0000000118f355b6 sp=0x000070000ca52f00
Event: 0.233 Thread 0x00007fb695002200 DEOPT UNPACKING pc=0x0000000118983f2b sp=0x000070000ca523e8 mode 0
Event: 0.233 Thread 0x00007fb695002200 DEOPT PACKING pc=0x0000000118f355b6 sp=0x000070000ca52f00
Event: 0.233 Thread 0x00007fb695002200 DEOPT UNPACKING pc=0x0000000118983f2b sp=0x000070000ca523e8 mode 0
Event: 0.247 Thread 0x00007fb695002200 Uncommon trap: trap_request=0xffffff45 fr.pc=0x00000001204083ec relative=0x000000000000026c
Event: 0.247 Thread 0x00007fb695002200 Uncommon trap: reason=unstable_if action=reinterpret pc=0x00000001204083ec method=java.lang.String.hashCode()I @ 42 c2
Event: 0.247 Thread 0x00007fb695002200 DEOPT PACKING pc=0x00000001204083ec sp=0x000070000ca55850
Event: 0.247 Thread 0x00007fb695002200 DEOPT UNPACKING pc=0x0000000118984125 sp=0x000070000ca55800 mode 2

Classes unloaded (0 events):
No events

Classes redefined (3 events):
Event: 77.169 Thread 0x00007fb6958022d0 redefined class name=CryptoUtilities, count=1
Event: 225.917 Thread 0x00007fb6958022d0 redefined class name=CryptoUtilities, count=2
Event: 293.939 Thread 0x00007fb6958022d0 redefined class name=CryptoUtilities, count=3

Internal exceptions (4 events):
Event: 0.141 Thread 0x00007fb695002200 Exception <a 'java/lang/NoSuchMethodError'{0x0000000787d650f0}: 'void java.lang.invoke.DirectMethodHandle$Holder.invokeStatic(java.lang.Object, java.lang.Object)'> (0x0000000787d650f0) 
thrown [./open/src/hotspot/share/interpreter/linkResolver.cpp, line 782]
Event: 0.142 Thread 0x00007fb695002200 Exception <a 'java/lang/NoSuchMethodError'{0x0000000787d68c70}: 'void java.lang.invoke.DirectMethodHandle$Holder.invokeStaticInit(java.lang.Object, java.lang.Object)'> (0x0000000787d68c70) 
thrown [./open/src/hotspot/share/interpreter/linkResolver.cpp, line 782]
Event: 0.201 Thread 0x00007fb695002200 Exception <a 'java/lang/NoSuchMethodError'{0x0000000787cfe9a0}: 'java.lang.Object java.lang.invoke.DirectMethodHandle$Holder.invokeStatic(java.lang.Object)'> (0x0000000787cfe9a0) 
thrown [./open/src/hotspot/share/interpreter/linkResolver.cpp, line 782]
Event: 299.216 Thread 0x00007fb69405ee00 Exception <a 'java/lang/LinkageError'{0x0000000787ea12e0}> (0x0000000787ea12e0) 
thrown [./open/src/hotspot/share/oops/generateOopMap.cpp, line 2137]

Events (20 events):
Event: 298.982 Executing VM operation: GetFrameLocation
Event: 298.982 Executing VM operation: GetFrameLocation done
Event: 298.982 Executing VM operation: GetCurrentLocation
Event: 298.983 Executing VM operation: GetCurrentLocation done
Event: 298.983 Executing VM operation: ChangeSingleStep
Event: 298.983 Executing VM operation: ChangeSingleStep done
Event: 298.983 Executing VM operation: GetFrameLocation
Event: 298.983 Executing VM operation: GetFrameLocation done
Event: 298.986 Executing VM operation: ChangeSingleStep
Event: 298.986 Executing VM operation: ChangeSingleStep done
Event: 298.987 Executing VM operation: GetFrameCount
Event: 298.987 Executing VM operation: GetFrameCount done
Event: 298.988 Executing VM operation: GetFrameCount
Event: 298.988 Executing VM operation: GetFrameCount done
Event: 298.988 Executing VM operation: GetStackTrace
Event: 298.988 Executing VM operation: GetStackTrace done
Event: 298.988 Executing VM operation: GetFrameCount
Event: 298.988 Executing VM operation: GetFrameCount done
Event: 298.996 Executing VM operation: GetFrameCount
Event: 298.996 Executing VM operation: GetFrameCount done


Dynamic libraries:
0x00007fff6f336000 	/usr/lib/libz.1.dylib
0x000000010a79a000 	/Library/Java/JavaVirtualMachines/jdk-15.0.1.jdk/Contents/Home/lib/libjli.dylib
0x00007fff43479000 	/System/Library/Frameworks/Cocoa.framework/Versions/A/Cocoa
0x00007fff4f23f000 	/System/Library/Frameworks/Security.framework/Versions/A/Security
0x00007fff4210b000 	/System/Library/Frameworks/ApplicationServices.framework/Versions/A/ApplicationServices
0x00007fff6cc8d000 	/usr/lib/libSystem.B.dylib
0x00007fff6fb2c000 	/usr/lib/system/libcache.dylib
0x00007fff6fb31000 	/usr/lib/system/libcommonCrypto.dylib
0x00007fff6fb3c000 	/usr/lib/system/libcompiler_rt.dylib
0x00007fff6fb44000 	/usr/lib/system/libcopyfile.dylib
0x00007fff6fb4e000 	/usr/lib/system/libcorecrypto.dylib
0x00007fff6fc59000 	/usr/lib/system/libdispatch.dylib
0x00007fff6fc93000 	/usr/lib/system/libdyld.dylib
0x00007fff6fcc0000 	/usr/lib/system/libkeymgr.dylib
0x00007fff6fcce000 	/usr/lib/system/liblaunch.dylib
0x00007fff6fccf000 	/usr/lib/system/libmacho.dylib
0x00007fff6fcd5000 	/usr/lib/system/libquarantine.dylib
0x00007fff6fcd8000 	/usr/lib/system/libremovefile.dylib
0x00007fff6fcda000 	/usr/lib/system/libsystem_asl.dylib
0x00007fff6fcf2000 	/usr/lib/system/libsystem_blocks.dylib
0x00007fff6fcf3000 	/usr/lib/system/libsystem_c.dylib
0x00007fff6fd7b000 	/usr/lib/system/libsystem_configuration.dylib
0x00007fff6fd7f000 	/usr/lib/system/libsystem_coreservices.dylib
0x00007fff6fd83000 	/usr/lib/system/libsystem_darwin.dylib
0x00007fff6fd8a000 	/usr/lib/system/libsystem_dnssd.dylib
0x00007fff6fd91000 	/usr/lib/system/libsystem_info.dylib
0x00007fff6fe06000 	/usr/lib/system/libsystem_m.dylib
0x00007fff6fe52000 	/usr/lib/system/libsystem_malloc.dylib
0x00007fff6fe7d000 	/usr/lib/system/libsystem_networkextension.dylib
0x00007fff6fe88000 	/usr/lib/system/libsystem_notify.dylib
0x00007fff6fea5000 	/usr/lib/system/libsystem_sandbox.dylib
0x00007fff6fea9000 	/usr/lib/system/libsystem_secinit.dylib
0x00007fff6fddd000 	/usr/lib/system/libsystem_kernel.dylib
0x00007fff6fe90000 	/usr/lib/system/libsystem_platform.dylib
0x00007fff6fe9a000 	/usr/lib/system/libsystem_pthread.dylib
0x00007fff6feac000 	/usr/lib/system/libsystem_symptoms.dylib
0x00007fff6feb4000 	/usr/lib/system/libsystem_trace.dylib
0x00007fff6fecb000 	/usr/lib/system/libunwind.dylib
0x00007fff6fed1000 	/usr/lib/system/libxpc.dylib
0x00007fff6e4c6000 	/usr/lib/libobjc.A.dylib
0x00007fff6cf26000 	/usr/lib/libc++abi.dylib
0x00007fff6ced2000 	/usr/lib/libc++.1.dylib
0x00007fff43cee000 	/System/Library/Frameworks/CoreFoundation.framework/Versions/A/CoreFoundation
0x00007fff45f73000 	/System/Library/Frameworks/Foundation.framework/Versions/C/Foundation
0x00007fff41304000 	/System/Library/Frameworks/AppKit.framework/Versions/C/AppKit
0x00007fff43877000 	/System/Library/Frameworks/CoreData.framework/Versions/A/CoreData
0x00007fff66750000 	/System/Library/PrivateFrameworks/RemoteViewServices.framework/Versions/A/RemoteViewServices
0x00007fff6a9c9000 	/System/Library/PrivateFrameworks/UIFoundation.framework/Versions/A/UIFoundation
0x00007fff6c0ae000 	/System/Library/PrivateFrameworks/XCTTargetBootstrap.framework/Versions/A/XCTTargetBootstrap
0x00007fff43bfd000 	/System/Library/Frameworks/CoreDisplay.framework/Versions/A/CoreDisplay
0x00007fff61488000 	/System/Library/PrivateFrameworks/IconServices.framework/Versions/A/IconServices
0x00007fff488a8000 	/System/Library/Frameworks/Metal.framework/Versions/A/Metal
0x00007fff589cc000 	/System/Library/PrivateFrameworks/DesktopServicesPriv.framework/Versions/A/DesktopServicesPriv
0x00007fff6d829000 	/usr/lib/libenergytrace.dylib
0x00007fff68eaf000 	/System/Library/PrivateFrameworks/SkyLight.framework/Versions/A/SkyLight
0x00007fff44135000 	/System/Library/Frameworks/CoreGraphics.framework/Versions/A/CoreGraphics
0x00007fff400d0000 	/System/Library/Frameworks/Accelerate.framework/Versions/A/Accelerate
0x00007fff466bc000 	/System/Library/Frameworks/IOSurface.framework/Versions/A/IOSurface
0x00007fff58838000 	/System/Library/PrivateFrameworks/DFRFoundation.framework/Versions/A/DFRFoundation
0x00007fff425ee000 	/System/Library/Frameworks/AudioToolbox.framework/Versions/A/AudioToolbox
0x00007fff42867000 	/System/Library/Frameworks/AudioUnit.framework/Versions/A/AudioUnit
0x00007fff588cd000 	/System/Library/PrivateFrameworks/DataDetectorsCore.framework/Versions/A/DataDetectorsCore
0x00007fff42f7c000 	/System/Library/Frameworks/Carbon.framework/Versions/A/Frameworks/HIToolbox.framework/Versions/A/HIToolbox
0x00007fff6d982000 	/usr/lib/libicucore.A.dylib
0x00007fff4e7b0000 	/System/Library/Frameworks/QuartzCore.framework/Versions/A/QuartzCore
0x00007fff43351000 	/System/Library/Frameworks/Carbon.framework/Versions/A/Frameworks/SpeechRecognition.framework/Versions/A/SpeechRecognition
0x00007fff6cde1000 	/usr/lib/libauto.dylib
0x00007fff6f229000 	/usr/lib/libxml2.2.dylib
0x00007fff58413000 	/System/Library/PrivateFrameworks/CoreUI.framework/Versions/A/CoreUI
0x00007fff43762000 	/System/Library/Frameworks/CoreAudio.framework/Versions/A/CoreAudio
0x00007fff45da7000 	/System/Library/Frameworks/DiskArbitration.framework/Versions/A/DiskArbitration
0x00007fff6dc30000 	/usr/lib/liblangid.dylib
0x00007fff62894000 	/System/Library/PrivateFrameworks/MultitouchSupport.framework/Versions/A/MultitouchSupport
0x00007fff4662b000 	/System/Library/Frameworks/IOKit.framework/Versions/A/IOKit
0x00007fff6c84d000 	/usr/lib/libDiagnosticMessagesClient.dylib
0x00007fff44f45000 	/System/Library/Frameworks/CoreServices.framework/Versions/A/CoreServices
0x00007fff6454f000 	/System/Library/PrivateFrameworks/PerformanceAnalysis.framework/Versions/A/PerformanceAnalysis
0x00007fff4d997000 	/System/Library/Frameworks/OpenGL.framework/Versions/A/OpenGL
0x00007fff43487000 	/System/Library/Frameworks/ColorSync.framework/Versions/A/ColorSync
0x00007fff447c7000 	/System/Library/Frameworks/CoreImage.framework/Versions/A/CoreImage
0x00007fff4591d000 	/System/Library/Frameworks/CoreText.framework/Versions/A/CoreText
0x00007fff4671f000 	/System/Library/Frameworks/ImageIO.framework/Versions/A/ImageIO
0x00007fff54a63000 	/System/Library/PrivateFrameworks/Backup.framework/Versions/A/Backup
0x00007fff6cd34000 	/usr/lib/libarchive.2.dylib
0x00007fff42bc0000 	/System/Library/Frameworks/CFNetwork.framework/Versions/A/CFNetwork
0x00007fff4f99b000 	/System/Library/Frameworks/SystemConfiguration.framework/Versions/A/SystemConfiguration
0x00007fff6c77e000 	/usr/lib/libCRFSuite.dylib
0x00007fff6ceb3000 	/usr/lib/libbsm.0.dylib
0x00007fff6fcc1000 	/usr/lib/system/libkxld.dylib
0x00007fff53e54000 	/System/Library/PrivateFrameworks/AppleFSCompression.framework/Versions/A/AppleFSCompression
0x00007fff6cb4d000 	/usr/lib/libOpenScriptingUtil.dylib
0x00007fff6d1db000 	/usr/lib/libcoretls.dylib
0x00007fff6d1f2000 	/usr/lib/libcoretls_cfhelpers.dylib
0x00007fff6ec5d000 	/usr/lib/libpam.2.dylib
0x00007fff6ee1d000 	/usr/lib/libsqlite3.dylib
0x00007fff6f217000 	/usr/lib/libxar.1.dylib
0x00007fff6cec4000 	/usr/lib/libbz2.1.0.dylib
0x00007fff6dc32000 	/usr/lib/liblzma.5.dylib
0x00007fff6e0e3000 	/usr/lib/libnetwork.dylib
0x00007fff6cd1d000 	/usr/lib/libapple_nghttp2.dylib
0x00007fff6ec64000 	/usr/lib/libpcap.A.dylib
0x00007fff452e4000 	/System/Library/Frameworks/CoreServices.framework/Versions/A/Frameworks/FSEvents.framework/Versions/A/FSEvents
0x00007fff44fc3000 	/System/Library/Frameworks/CoreServices.framework/Versions/A/Frameworks/CarbonCore.framework/Versions/A/CarbonCore
0x00007fff4549f000 	/System/Library/Frameworks/CoreServices.framework/Versions/A/Frameworks/Metadata.framework/Versions/A/Metadata
0x00007fff4553e000 	/System/Library/Frameworks/CoreServices.framework/Versions/A/Frameworks/OSServices.framework/Versions/A/OSServices
0x00007fff45589000 	/System/Library/Frameworks/CoreServices.framework/Versions/A/Frameworks/SearchKit.framework/Versions/A/SearchKit
0x00007fff44f46000 	/System/Library/Frameworks/CoreServices.framework/Versions/A/Frameworks/AE.framework/Versions/A/AE
0x00007fff452ed000 	/System/Library/Frameworks/CoreServices.framework/Versions/A/Frameworks/LaunchServices.framework/Versions/A/LaunchServices
0x00007fff4529b000 	/System/Library/Frameworks/CoreServices.framework/Versions/A/Frameworks/DictionaryServices.framework/Versions/A/DictionaryServices
0x00007fff455f1000 	/System/Library/Frameworks/CoreServices.framework/Versions/A/Frameworks/SharedFileList.framework/Versions/A/SharedFileList
0x00007fff49972000 	/System/Library/Frameworks/NetFS.framework/Versions/A/NetFS
0x00007fff62afa000 	/System/Library/PrivateFrameworks/NetAuth.framework/Versions/A/NetAuth
0x00007fff6c4b2000 	/System/Library/PrivateFrameworks/login.framework/Versions/A/Frameworks/loginsupport.framework/Versions/A/loginsupport
0x00007fff6a5d2000 	/System/Library/PrivateFrameworks/TCC.framework/Versions/A/TCC
0x00007fff57a70000 	/System/Library/PrivateFrameworks/CoreNLP.framework/Versions/A/CoreNLP
0x00007fff6258f000 	/System/Library/PrivateFrameworks/MetadataUtilities.framework/Versions/A/MetadataUtilities
0x00007fff6dd07000 	/usr/lib/libmecabra.dylib
0x00007fff4210c000 	/System/Library/Frameworks/ApplicationServices.framework/Versions/A/Frameworks/ATS.framework/Versions/A/ATS
0x00007fff4245b000 	/System/Library/Frameworks/ApplicationServices.framework/Versions/A/Frameworks/ColorSyncLegacy.framework/Versions/A/ColorSyncLegacy
0x00007fff424fa000 	/System/Library/Frameworks/ApplicationServices.framework/Versions/A/Frameworks/HIServices.framework/Versions/A/HIServices
0x00007fff4254d000 	/System/Library/Frameworks/ApplicationServices.framework/Versions/A/Frameworks/LangAnalysis.framework/Versions/A/LangAnalysis
0x00007fff4255d000 	/System/Library/Frameworks/ApplicationServices.framework/Versions/A/Frameworks/PrintCore.framework/Versions/A/PrintCore
0x00007fff425a7000 	/System/Library/Frameworks/ApplicationServices.framework/Versions/A/Frameworks/QD.framework/Versions/A/QD
0x00007fff425e1000 	/System/Library/Frameworks/ApplicationServices.framework/Versions/A/Frameworks/SpeechSynthesis.framework/Versions/A/SpeechSynthesis
0x00007fff6cf4e000 	/usr/lib/libcompression.dylib
0x00007fff48b78000 	/System/Library/Frameworks/MetalPerformanceShaders.framework/Versions/A/MetalPerformanceShaders
0x00007fff400e8000 	/System/Library/Frameworks/Accelerate.framework/Versions/A/Frameworks/vImage.framework/Versions/A/vImage
0x00007fff41162000 	/System/Library/Frameworks/Accelerate.framework/Versions/A/Frameworks/vecLib.framework/Versions/A/vecLib
0x00007fff410ae000 	/System/Library/Frameworks/Accelerate.framework/Versions/A/Frameworks/vecLib.framework/Versions/A/libvMisc.dylib
0x00007fff40ec6000 	/System/Library/Frameworks/Accelerate.framework/Versions/A/Frameworks/vecLib.framework/Versions/A/libvDSP.dylib
0x00007fff40782000 	/System/Library/Frameworks/Accelerate.framework/Versions/A/Frameworks/vecLib.framework/Versions/A/libBLAS.dylib
0x00007fff40a6f000 	/System/Library/Frameworks/Accelerate.framework/Versions/A/Frameworks/vecLib.framework/Versions/A/libLAPACK.dylib
0x00007fff40e19000 	/System/Library/Frameworks/Accelerate.framework/Versions/A/Frameworks/vecLib.framework/Versions/A/libLinearAlgebra.dylib
0x00007fff40eb2000 	/System/Library/Frameworks/Accelerate.framework/Versions/A/Frameworks/vecLib.framework/Versions/A/libSparseBLAS.dylib
0x00007fff40e2f000 	/System/Library/Frameworks/Accelerate.framework/Versions/A/Frameworks/vecLib.framework/Versions/A/libQuadrature.dylib
0x00007fff409fc000 	/System/Library/Frameworks/Accelerate.framework/Versions/A/Frameworks/vecLib.framework/Versions/A/libBNNS.dylib
0x00007fff40e35000 	/System/Library/Frameworks/Accelerate.framework/Versions/A/Frameworks/vecLib.framework/Versions/A/libSparse.dylib
0x00007fff5edbe000 	/System/Library/PrivateFrameworks/GPUWrangler.framework/Versions/A/GPUWrangler
0x00007fff610bd000 	/System/Library/PrivateFrameworks/IOAccelerator.framework/Versions/A/IOAccelerator
0x00007fff610c8000 	/System/Library/PrivateFrameworks/IOPresentment.framework/Versions/A/IOPresentment
0x00007fff58848000 	/System/Library/PrivateFrameworks/DSExternalDisplay.framework/Versions/A/DSExternalDisplay
0x00007fff4cdee000 	/System/Library/Frameworks/OpenGL.framework/Versions/A/Libraries/libCoreFSCache.dylib
0x00007fff4896c000 	/System/Library/Frameworks/MetalPerformanceShaders.framework/Frameworks/MPSCore.framework/Versions/A/MPSCore
0x00007fff4898c000 	/System/Library/Frameworks/MetalPerformanceShaders.framework/Frameworks/MPSImage.framework/Versions/A/MPSImage
0x00007fff48a31000 	/System/Library/Frameworks/MetalPerformanceShaders.framework/Frameworks/MPSNeuralNetwork.framework/Versions/A/MPSNeuralNetwork
0x00007fff48a09000 	/System/Library/Frameworks/MetalPerformanceShaders.framework/Frameworks/MPSMatrix.framework/Versions/A/MPSMatrix
0x00007fff48b5d000 	/System/Library/Frameworks/MetalPerformanceShaders.framework/Frameworks/MPSRayIntersector.framework/Versions/A/MPSRayIntersector
0x00007fff625b8000 	/System/Library/PrivateFrameworks/MetalTools.framework/Versions/A/MetalTools
0x00007fff536fe000 	/System/Library/PrivateFrameworks/AggregateDictionary.framework/Versions/A/AggregateDictionary
0x00007fff6cb2d000 	/usr/lib/libMobileGestalt.dylib
0x00007fff45a80000 	/System/Library/Frameworks/CoreVideo.framework/Versions/A/CoreVideo
0x00007fff5fbcf000 	/System/Library/PrivateFrameworks/GraphVisualizer.framework/Versions/A/GraphVisualizer
0x00007fff59a4e000 	/System/Library/PrivateFrameworks/FaceCore.framework/Versions/A/FaceCore
0x00007fff4c41c000 	/System/Library/Frameworks/OpenCL.framework/Versions/A/OpenCL
0x00007fff6c885000 	/usr/lib/libFosl_dynamic.dylib
0x00007fff63365000 	/System/Library/PrivateFrameworks/OTSVG.framework/Versions/A/OTSVG
0x00007fff42210000 	/System/Library/Frameworks/ApplicationServices.framework/Versions/A/Frameworks/ATS.framework/Versions/A/Resources/libFontParser.dylib
0x00007fff42328000 	/System/Library/Frameworks/ApplicationServices.framework/Versions/A/Frameworks/ATS.framework/Versions/A/Resources/libFontRegistry.dylib
0x00007fff4698e000 	/System/Library/Frameworks/ImageIO.framework/Versions/A/Resources/libJPEG.dylib
0x00007fff46cb3000 	/System/Library/Frameworks/ImageIO.framework/Versions/A/Resources/libTIFF.dylib
0x00007fff46c89000 	/System/Library/Frameworks/ImageIO.framework/Versions/A/Resources/libPng.dylib
0x00007fff468ac000 	/System/Library/Frameworks/ImageIO.framework/Versions/A/Resources/libGIF.dylib
0x00007fff468b1000 	/System/Library/Frameworks/ImageIO.framework/Versions/A/Resources/libJP2.dylib
0x00007fff46cb0000 	/System/Library/Frameworks/ImageIO.framework/Versions/A/Resources/libRadiance.dylib
0x00007fff53fab000 	/System/Library/PrivateFrameworks/AppleJPEG.framework/Versions/A/AppleJPEG
0x00007fff4cdf9000 	/System/Library/Frameworks/OpenGL.framework/Versions/A/Libraries/libGFXShared.dylib
0x00007fff4cfbc000 	/System/Library/Frameworks/OpenGL.framework/Versions/A/Libraries/libGLU.dylib
0x00007fff4ce02000 	/System/Library/Frameworks/OpenGL.framework/Versions/A/Libraries/libGL.dylib
0x00007fff4ce0e000 	/System/Library/Frameworks/OpenGL.framework/Versions/A/Libraries/libGLImage.dylib
0x00007fff4cdeb000 	/System/Library/Frameworks/OpenGL.framework/Versions/A/Libraries/libCVMSPluginSupport.dylib
0x00007fff4cdf4000 	/System/Library/Frameworks/OpenGL.framework/Versions/A/Libraries/libCoreVMClient.dylib
0x00007fff6d69f000 	/usr/lib/libcups.2.dylib
0x00007fff47e73000 	/System/Library/Frameworks/Kerberos.framework/Versions/A/Kerberos
0x00007fff4638f000 	/System/Library/Frameworks/GSS.framework/Versions/A/GSS
0x00007fff6edb2000 	/usr/lib/libresolv.9.dylib
0x00007fff6d891000 	/usr/lib/libiconv.2.dylib
0x00007fff5fd44000 	/System/Library/PrivateFrameworks/Heimdal.framework/Versions/A/Heimdal
0x00007fff6d861000 	/usr/lib/libheimdal-asn1.dylib
0x00007fff4c490000 	/System/Library/Frameworks/OpenDirectory.framework/Versions/A/OpenDirectory
0x00007fff567d3000 	/System/Library/PrivateFrameworks/CommonAuth.framework/Versions/A/CommonAuth
0x00007fff4c474000 	/System/Library/Frameworks/OpenDirectory.framework/Versions/A/Frameworks/CFOpenDirectory.framework/Versions/A/CFOpenDirectory
0x00007fff4f540000 	/System/Library/Frameworks/SecurityFoundation.framework/Versions/A/SecurityFoundation
0x00007fff52c44000 	/System/Library/PrivateFrameworks/APFS.framework/Versions/A/APFS
0x00007fff6f213000 	/usr/lib/libutil.dylib
0x00007fff6cf3c000 	/usr/lib/libcharset.1.dylib
0x00007fff54248000 	/System/Library/PrivateFrameworks/AppleSauce.framework/Versions/A/AppleSauce
0x00007fff543c9000 	/System/Library/PrivateFrameworks/AssertionServices.framework/Versions/A/AssertionServices
0x00007fff54af9000 	/System/Library/PrivateFrameworks/BaseBoard.framework/Versions/A/BaseBoard
0x00007fff6dc62000 	/usr/lib/libmecab.1.0.0.dylib
0x00007fff6d85b000 	/usr/lib/libgermantok.dylib
0x00007fff6cd0a000 	/usr/lib/libThaiTokenizer.dylib
0x00007fff6c7b5000 	/usr/lib/libChineseTokenizer.dylib
0x00007fff61775000 	/System/Library/PrivateFrameworks/LanguageModeling.framework/Versions/A/LanguageModeling
0x00007fff574b5000 	/System/Library/PrivateFrameworks/CoreEmoji.framework/Versions/A/CoreEmoji
0x00007fff61851000 	/System/Library/PrivateFrameworks/Lexicon.framework/Versions/A/Lexicon
0x00007fff61894000 	/System/Library/PrivateFrameworks/LinguisticData.framework/Versions/A/LinguisticData
0x00007fff6cf3d000 	/usr/lib/libcmph.dylib
0x00007fff4f5fe000 	/System/Library/Frameworks/ServiceManagement.framework/Versions/A/ServiceManagement
0x00007fff54a5a000 	/System/Library/PrivateFrameworks/BackgroundTaskManagement.framework/Versions/A/BackgroundTaskManagement
0x00007fff6f30d000 	/usr/lib/libxslt.1.dylib
0x00007fff4327e000 	/System/Library/Frameworks/Carbon.framework/Versions/A/Frameworks/Ink.framework/Versions/A/Ink
0x00007fff6a844000 	/System/Library/PrivateFrameworks/TextureIO.framework/Versions/A/TextureIO
0x00007fff6cd5e000 	/usr/lib/libate.dylib
0x00007fff58797000 	/System/Library/PrivateFrameworks/CrashReporterSupport.framework/Versions/A/CrashReporterSupport
0x00007fff67f7c000 	/System/Library/PrivateFrameworks/Sharing.framework/Versions/A/Sharing
0x00007fff547ac000 	/System/Library/PrivateFrameworks/AuthKit.framework/Versions/A/AuthKit
0x00007fff53d00000 	/System/Library/PrivateFrameworks/Apple80211.framework/Versions/A/Apple80211
0x00007fff5853f000 	/System/Library/PrivateFrameworks/CoreUtils.framework/Versions/A/CoreUtils
0x00007fff45ac1000 	/System/Library/Frameworks/CoreWLAN.framework/Versions/A/CoreWLAN
0x00007fff464be000 	/System/Library/Frameworks/IOBluetooth.framework/Versions/A/IOBluetooth
0x00007fff663f0000 	/System/Library/PrivateFrameworks/ProtocolBuffer.framework/Versions/A/ProtocolBuffer
0x00007fff627f0000 	/System/Library/PrivateFrameworks/MobileKeyBag.framework/Versions/A/MobileKeyBag
0x00007fff57d83000 	/System/Library/PrivateFrameworks/CorePhoneNumbers.framework/Versions/A/CorePhoneNumbers
0x00007fff53f5f000 	/System/Library/PrivateFrameworks/AppleIDAuthSupport.framework/Versions/A/AppleIDAuthSupport
0x00007fff61748000 	/System/Library/PrivateFrameworks/KeychainCircle.framework/Versions/A/KeychainCircle
0x00007fff665a6000 	/System/Library/PrivateFrameworks/ROCKit.framework/Versions/A/ROCKit
0x00007fff58733000 	/System/Library/PrivateFrameworks/CoreWiFi.framework/Versions/A/CoreWiFi
0x00007fff4384c000 	/System/Library/Frameworks/CoreBluetooth.framework/Versions/A/CoreBluetooth
0x00007fff5898e000 	/System/Library/PrivateFrameworks/DebugSymbols.framework/Versions/A/DebugSymbols
0x00007fff582ff000 	/System/Library/PrivateFrameworks/CoreSymbolication.framework/Versions/A/CoreSymbolication
0x00007fff6a05f000 	/System/Library/PrivateFrameworks/Symbolication.framework/Versions/A/Symbolication
0x00007fff69902000 	/System/Library/PrivateFrameworks/SpeechRecognitionCore.framework/Versions/A/SpeechRecognitionCore
0x000000010b800000 	/Library/Java/JavaVirtualMachines/jdk-15.0.1.jdk/Contents/Home/lib/server/libjvm.dylib
0x000000010a7de000 	/Library/Java/JavaVirtualMachines/jdk-15.0.1.jdk/Contents/Home/lib/libjimage.dylib
0x000000010c7bb000 	/Library/Java/JavaVirtualMachines/jdk-15.0.1.jdk/Contents/Home/lib/libjdwp.dylib
0x000000010c7ff000 	/Library/Java/JavaVirtualMachines/jdk-15.0.1.jdk/Contents/Home/lib/./libjava.dylib
0x000000010a7ec000 	/Library/Java/JavaVirtualMachines/jdk-15.0.1.jdk/Contents/Home/lib/libinstrument.dylib
0x000000012c2ad000 	/Library/Java/JavaVirtualMachines/jdk-15.0.1.jdk/Contents/Home/lib/libdt_socket.dylib
0x000000012c339000 	/Library/Java/JavaVirtualMachines/jdk-15.0.1.jdk/Contents/Home/lib/libzip.dylib
0x000000012c347000 	/Library/Java/JavaVirtualMachines/jdk-15.0.1.jdk/Contents/Home/lib/libnio.dylib
0x000000012c35b000 	/Library/Java/JavaVirtualMachines/jdk-15.0.1.jdk/Contents/Home/lib/./libnet.dylib
0x000000012c5cd000 	/Library/Java/JavaVirtualMachines/jdk-15.0.1.jdk/Contents/Home/lib/libverify.dylib


VM Arguments:
jvm_args: -XX:+ShowCodeDetailsInExceptionMessages -agentlib:jdwp=transport=dt_socket,suspend=y,address=localhost:52584 -enableassertions -javaagent:/Users/apple/Documents/CSE 2221/install folder/Eclipse/Eclipse.app/Contents/Eclipse/configuration/org.eclipse.osgi/213/0/.cp/lib/javaagent-shaded.jar -Dfile.encoding=UTF-8 
java_command: CryptoUtilities
java_class_path (initial): /Users/apple/Documents/CSE 2221/install folder/workspace/CryptoUtilities/bin:/Users/apple/Documents/CSE 2221/install folder/components.jar:/Users/apple/Documents/CSE 2221/install folder/Eclipse/Eclipse.app/Contents/Eclipse/plugins/org.junit_4.13.0.v20200204-1500.jar:/Users/apple/Documents/CSE 2221/install folder/Eclipse/Eclipse.app/Contents/Eclipse/plugins/org.hamcrest.core_1.3.0.v20180420-1519.jar
Launcher Type: SUN_STANDARD

[Global flags]
     intx CICompilerCount                          = 4                                         {product} {ergonomic}
     uint ConcGCThreads                            = 2                                         {product} {ergonomic}
     uint G1ConcRefinementThreads                  = 8                                         {product} {ergonomic}
   size_t G1HeapRegionSize                         = 1048576                                   {product} {ergonomic}
    uintx GCDrainStackTargetSize                   = 64                                        {product} {ergonomic}
   size_t InitialHeapSize                          = 134217728                                 {product} {ergonomic}
   size_t MarkStackSize                            = 4194304                                   {product} {ergonomic}
   size_t MaxHeapSize                              = 2147483648                                {product} {ergonomic}
   size_t MaxNewSize                               = 1287651328                                {product} {ergonomic}
   size_t MinHeapDeltaBytes                        = 1048576                                   {product} {ergonomic}
   size_t MinHeapSize                              = 8388608                                   {product} {ergonomic}
    uintx NonNMethodCodeHeapSize                   = 5839372                                {pd product} {ergonomic}
    uintx NonProfiledCodeHeapSize                  = 122909434                              {pd product} {ergonomic}
    uintx ProfiledCodeHeapSize                     = 122909434                              {pd product} {ergonomic}
    uintx ReservedCodeCacheSize                    = 251658240                              {pd product} {ergonomic}
     bool SegmentedCodeCache                       = true                                      {product} {ergonomic}
     bool ShowCodeDetailsInExceptionMessages       = true                                   {manageable} {command line}
   size_t SoftMaxHeapSize                          = 2147483648                             {manageable} {ergonomic}
     bool UseCompressedClassPointers               = true                                 {lp64_product} {ergonomic}
     bool UseCompressedOops                        = true                                 {lp64_product} {ergonomic}
     bool UseG1GC                                  = true                                      {product} {ergonomic}
     bool UseNUMA                                  = false                                     {product} {ergonomic}
     bool UseNUMAInterleaving                      = false                                     {product} {ergonomic}

Logging:
Log output configuration:
 #0: stdout all=warning uptime,level,tags
 #1: stderr all=off uptime,level,tags

Environment Variables:
PATH=/usr/bin:/bin:/usr/sbin:/sbin
SHELL=/bin/bash

Signal Handlers:
SIGSEGV: [libjvm.dylib+0x9fe2e0], sa_mask[0]=11111111011111110111111111111111, sa_flags=SA_ONSTACK|SA_RESTART|SA_SIGINFO
SIGBUS: [libjvm.dylib+0x9fe2e0], sa_mask[0]=11111111011111110111111111111111, sa_flags=SA_RESTART|SA_SIGINFO
SIGFPE: [libjvm.dylib+0x9fe2e0], sa_mask[0]=11111111011111110111111111111111, sa_flags=SA_RESTART|SA_SIGINFO
SIGPIPE: [libjvm.dylib+0x82a110], sa_mask[0]=11111111011111110111111111111111, sa_flags=SA_RESTART|SA_SIGINFO
SIGXFSZ: [libjvm.dylib+0x82a110], sa_mask[0]=11111111011111110111111111111111, sa_flags=SA_RESTART|SA_SIGINFO
SIGILL: [libjvm.dylib+0x9fe2e0], sa_mask[0]=11111111011111110111111111111111, sa_flags=SA_RESTART|SA_SIGINFO
SIGUSR2: [libjvm.dylib+0x82ac20], sa_mask[0]=00100000000000000000000000000000, sa_flags=SA_RESTART|SA_SIGINFO
SIGHUP: [libjvm.dylib+0x829320], sa_mask[0]=11111111011111110111111111111111, sa_flags=SA_RESTART|SA_SIGINFO
SIGINT: [libjvm.dylib+0x829320], sa_mask[0]=11111111011111110111111111111111, sa_flags=SA_RESTART|SA_SIGINFO
SIGTERM: [libjvm.dylib+0x829320], sa_mask[0]=11111111011111110111111111111111, sa_flags=SA_RESTART|SA_SIGINFO
SIGQUIT: [libjvm.dylib+0x829320], sa_mask[0]=11111111011111110111111111111111, sa_flags=SA_RESTART|SA_SIGINFO


---------------  S Y S T E M  ---------------

OS:uname: Darwin 18.7.0 Darwin Kernel Version 18.7.0: Fri Oct 30 12:37:06 PDT 2020; root:xnu-4903.278.44.0.2~1/RELEASE_X86_64 x86_64
OS uptime: 19 days 1:37 hours
rlimit (soft/hard): STACK 8192k/65532k , CORE 0k/infinity , NPROC 709/1064 , NOFILE 10240/infinity , AS infinity/infinity , CPU infinity/infinity , DATA infinity/infinity , FSIZE infinity/infinity , MEMLOCK infinity/infinity , RSS infinity/infinity
load average: 1.10 1.01 0.99

CPU: total 8 (initial active 8) (4 cores per cpu, 2 threads per core) family 6 model 142 stepping 10 microcode 0xd6, cmov, cx8, fxsr, mmx, sse, sse2, sse3, ssse3, sse4.1, sse4.2, popcnt, vzeroupper, avx, avx2, aes, clmul, erms, 3dnowpref, lzcnt, ht, tsc, tscinvbit, bmi1, bmi2, adx, fma, clflush, clflushopt

Memory: 4k page, physical 8388608k(26368k free), swap 3145728k(608512k free)

vm_info: Java HotSpot(TM) 64-Bit Server VM (15.0.1+9-18) for bsd-amd64 JRE (15.0.1+9-18), built on Sep 15 2020 13:50:45 by "mach5one" with clang 4.2.1 Compatible Apple LLVM 10.0.0 (clang-1000.11.45.5)

END.
